{
  "RSpec": {
    "coverage": {
      "/Users/edmac/Turing/Module_2/dinner_dash/dinner_dash/app/models/user.rb": [
        1,
        1,
        1,
        1,
        1,
        null,
        1,
        1,
        null
      ],
      "/Users/edmac/Turing/Module_2/dinner_dash/dinner_dash/app/helpers/application_helper.rb": [
        1,
        null
      ],
      "/Users/edmac/Turing/Module_2/dinner_dash/dinner_dash/app/controllers/cart_controller.rb": [
        1,
        1,
        15,
        null,
        null,
        1,
        11,
        11,
        11,
        11,
        11,
        11,
        null,
        null,
        1,
        1,
        1,
        1,
        1,
        1,
        null,
        1,
        null,
        null
      ],
      "/Users/edmac/Turing/Module_2/dinner_dash/dinner_dash/app/controllers/application_controller.rb": [
        1,
        1,
        1,
        null,
        1,
        88,
        null,
        null,
        1,
        51,
        null,
        null,
        1,
        null
      ],
      "/Users/edmac/Turing/Module_2/dinner_dash/dinner_dash/app/models/cart.rb": [
        1,
        1,
        null,
        1,
        93,
        null,
        null,
        1,
        26,
        26,
        null,
        null,
        1,
        3,
        null,
        null,
        1,
        3,
        1,
        null,
        2,
        null,
        null,
        null,
        null
      ],
      "/Users/edmac/Turing/Module_2/dinner_dash/dinner_dash/app/models/category.rb": [
        1,
        1,
        1,
        1,
        null
      ],
      "/Users/edmac/Turing/Module_2/dinner_dash/dinner_dash/app/models/item_category.rb": [
        1,
        1,
        1,
        null
      ],
      "/Users/edmac/Turing/Module_2/dinner_dash/dinner_dash/app/models/item.rb": [
        1,
        1,
        1,
        1,
        null,
        1,
        1,
        null
      ],
      "/Users/edmac/Turing/Module_2/dinner_dash/dinner_dash/app/models/order.rb": [
        1,
        1,
        1,
        1,
        null,
        1,
        5,
        null,
        null
      ],
      "/Users/edmac/Turing/Module_2/dinner_dash/dinner_dash/app/controllers/items_controller.rb": [
        1,
        1,
        13,
        null,
        null,
        1,
        13,
        null,
        null
      ],
      "/Users/edmac/Turing/Module_2/dinner_dash/dinner_dash/app/controllers/orders_controller.rb": [
        1,
        1,
        6,
        null,
        null,
        1,
        4,
        4,
        3,
        3,
        null,
        null,
        null,
        null
      ],
      "/Users/edmac/Turing/Module_2/dinner_dash/dinner_dash/app/controllers/home_page_controller.rb": [
        1,
        1,
        13,
        null,
        null
      ],
      "/Users/edmac/Turing/Module_2/dinner_dash/dinner_dash/app/controllers/categories_controller.rb": [
        1,
        1,
        0,
        null,
        null,
        1,
        1,
        1,
        null,
        null
      ],
      "/Users/edmac/Turing/Module_2/dinner_dash/dinner_dash/app/controllers/sessions_controller.rb": [
        1,
        1,
        null,
        null,
        1,
        5,
        5,
        4,
        4,
        4,
        null,
        1,
        1,
        null,
        null,
        null,
        1,
        1,
        1,
        1,
        null,
        null
      ]
    },
    "timestamp": 1426290233
  }
}
