{
  "RSpec": {
    "coverage": {
      "/Users/edmac/Turing/Module_2/dinner_dash/dinner_dash/app/models/user.rb": [
        1,
        1,
        1,
        1,
        1,
        null,
        1,
        1,
        null
      ],
      "/Users/edmac/Turing/Module_2/dinner_dash/dinner_dash/app/helpers/application_helper.rb": [
        1,
        null
      ],
      "/Users/edmac/Turing/Module_2/dinner_dash/dinner_dash/app/controllers/cart_controller.rb": [
        1,
        1,
        7,
        null,
        null,
        1,
        7,
        7,
        7,
        7,
        7,
        7,
        null,
        null,
        1,
        1,
        1,
        1,
        1,
        1,
        null,
        1,
        null,
        null
      ],
      "/Users/edmac/Turing/Module_2/dinner_dash/dinner_dash/app/controllers/application_controller.rb": [
        1,
        1,
        1,
        null,
        1,
        46,
        null,
        null,
        1,
        34,
        null,
        null,
        1,
        null
      ],
      "/Users/edmac/Turing/Module_2/dinner_dash/dinner_dash/app/models/cart.rb": [
        1,
        1,
        null,
        1,
        51,
        null,
        null,
        1,
        22,
        22,
        null,
        null,
        1,
        3,
        null,
        null,
        1,
        3,
        1,
        null,
        2,
        null,
        null,
        null,
        null
      ],
      "/Users/edmac/Turing/Module_2/dinner_dash/dinner_dash/app/models/category.rb": [
        1,
        1,
        1,
        1,
        null
      ],
      "/Users/edmac/Turing/Module_2/dinner_dash/dinner_dash/app/models/item.rb": [
        1,
        1,
        1,
        1,
        null,
        1,
        1,
        null
      ],
      "/Users/edmac/Turing/Module_2/dinner_dash/dinner_dash/app/models/order.rb": [
        1,
        1,
        null
      ],
      "/Users/edmac/Turing/Module_2/dinner_dash/dinner_dash/app/controllers/items_controller.rb": [
        1,
        1,
        11,
        null,
        null,
        1,
        6,
        null,
        null
      ],
      "/Users/edmac/Turing/Module_2/dinner_dash/dinner_dash/app/controllers/home_page_controller.rb": [
        1,
        1,
        7,
        null,
        null
      ],
      "/Users/edmac/Turing/Module_2/dinner_dash/dinner_dash/app/controllers/sessions_controller.rb": [
        1,
        1,
        null,
        null,
        1,
        0,
        0,
        0,
        0,
        0,
        null,
        0,
        0,
        null,
        null,
        null,
        1,
        0,
        0,
        0,
        null,
        null
      ],
      "/Users/edmac/Turing/Module_2/dinner_dash/dinner_dash/app/controllers/orders_controller.rb": [
        1,
        1,
        2,
        null,
        null,
        null
      ]
    },
    "timestamp": 1426284666
  }
}
